  Lecture10-HW.cpp
C:\Users\go789\Desktop\Lecture10-HW\packages\glfw.3.4.0\build\native\include\GLFW\glfw3.h(3235,1): warning C4819: 현재 코드 페이지(949)에서 표시할 수 없는 문자가 파일에 들어 있습니다. 데이터가 손실되지 않게 하려면 해당 파일을 유니코드 형식으로 저장하십시오.
  (소스 파일 'Lecture10-HW.cpp'을(를) 컴파일하는 중)
  
C:\Users\go789\Desktop\Lecture10-HW\Lecture10-HW\Lecture10-HW.cpp(116,31): warning C4244: '인수': 'double'에서 'GLfloat'(으)로 변환하면서 데이터가 손실될 수 있습니다.
C:\Users\go789\Desktop\Lecture10-HW\Lecture10-HW\Lecture10-HW.cpp(116,22): warning C4244: '인수': 'double'에서 'GLfloat'(으)로 변환하면서 데이터가 손실될 수 있습니다.
C:\Users\go789\Desktop\Lecture10-HW\Lecture10-HW\Lecture10-HW.cpp(117,39): warning C4244: '인수': 'double'에서 'GLfloat'(으)로 변환하면서 데이터가 손실될 수 있습니다.
C:\Users\go789\Desktop\Lecture10-HW\Lecture10-HW\Lecture10-HW.cpp(124,58): warning C4244: '인수': 'double'에서 'GLfloat'(으)로 변환하면서 데이터가 손실될 수 있습니다.
C:\Users\go789\Desktop\Lecture10-HW\Lecture10-HW\Lecture10-HW.cpp(124,34): warning C4244: '인수': 'double'에서 'GLfloat'(으)로 변환하면서 데이터가 손실될 수 있습니다.
C:\Users\go789\Desktop\Lecture10-HW\Lecture10-HW\Lecture10-HW.cpp(133,89): warning C4244: '인수': 'double'에서 'GLfloat'(으)로 변환하면서 데이터가 손실될 수 있습니다.
C:\Users\go789\Desktop\Lecture10-HW\Lecture10-HW\Lecture10-HW.cpp(133,41): warning C4244: '인수': 'double'에서 'GLfloat'(으)로 변환하면서 데이터가 손실될 수 있습니다.
C:\Users\go789\Desktop\Lecture10-HW\Lecture10-HW\Lecture10-HW.cpp(140,32): warning C4244: '인수': 'double'에서 'GLfloat'(으)로 변환하면서 데이터가 손실될 수 있습니다.
C:\Users\go789\Desktop\Lecture10-HW\Lecture10-HW\Lecture10-HW.cpp(145,71): warning C4244: '인수': 'double'에서 'GLfloat'(으)로 변환하면서 데이터가 손실될 수 있습니다.
C:\Users\go789\Desktop\Lecture10-HW\Lecture10-HW\Lecture10-HW.cpp(145,40): warning C4244: '인수': 'double'에서 'GLfloat'(으)로 변환하면서 데이터가 손실될 수 있습니다.
C:\Users\go789\Desktop\Lecture10-HW\Lecture10-HW\Lecture10-HW.cpp(155,58): warning C4244: '인수': 'double'에서 'GLfloat'(으)로 변환하면서 데이터가 손실될 수 있습니다.
C:\Users\go789\Desktop\Lecture10-HW\Lecture10-HW\Lecture10-HW.cpp(155,34): warning C4244: '인수': 'double'에서 'GLfloat'(으)로 변환하면서 데이터가 손실될 수 있습니다.
C:\Users\go789\Desktop\Lecture10-HW\Lecture10-HW\Lecture10-HW.cpp(163,31): warning C4244: '인수': 'double'에서 'GLfloat'(으)로 변환하면서 데이터가 손실될 수 있습니다.
C:\Users\go789\Desktop\Lecture10-HW\Lecture10-HW\Lecture10-HW.cpp(163,22): warning C4244: '인수': 'double'에서 'GLfloat'(으)로 변환하면서 데이터가 손실될 수 있습니다.
C:\Users\go789\Desktop\Lecture10-HW\Lecture10-HW\Lecture10-HW.cpp(164,43): warning C4244: '인수': 'double'에서 'GLfloat'(으)로 변환하면서 데이터가 손실될 수 있습니다.
C:\Users\go789\Desktop\Lecture10-HW\Lecture10-HW\Lecture10-HW.cpp(165,22): warning C4244: '인수': 'double'에서 'GLfloat'(으)로 변환하면서 데이터가 손실될 수 있습니다.
C:\Users\go789\Desktop\Lecture10-HW\Lecture10-HW\Lecture10-HW.cpp(166,41): warning C4244: '인수': 'double'에서 'GLfloat'(으)로 변환하면서 데이터가 손실될 수 있습니다.
C:\Users\go789\Desktop\Lecture10-HW\Lecture10-HW\Lecture10-HW.cpp(177,42): warning C4244: '인수': 'double'에서 'GLfloat'(으)로 변환하면서 데이터가 손실될 수 있습니다.
C:\Users\go789\Desktop\Lecture10-HW\Lecture10-HW\Lecture10-HW.cpp(178,22): warning C4244: '인수': 'double'에서 'GLfloat'(으)로 변환하면서 데이터가 손실될 수 있습니다.
C:\Users\go789\Desktop\Lecture10-HW\Lecture10-HW\Lecture10-HW.cpp(179,42): warning C4244: '인수': 'double'에서 'GLfloat'(으)로 변환하면서 데이터가 손실될 수 있습니다.
  Lecture10-HW.vcxproj -> C:\Users\go789\Desktop\Lecture10-HW\x64\Debug\Lecture10-HW.exe
